\BOOKMARK [0][-]{section*.2}{Lista de figuras}{}% 1
\BOOKMARK [0][-]{section*.2}{Resumen}{}% 2
\BOOKMARK [0][-]{chapter*.3}{Introducci\363n}{}% 3
\BOOKMARK [0][-]{chapter.1}{Electrodin\341mica}{}% 4
\BOOKMARK [1][-]{section.1.1}{Ecuaciones de Maxwell}{chapter.1}% 5
\BOOKMARK [1][-]{section.1.2}{Formulaci\363n covariante}{chapter.1}% 6
\BOOKMARK [2][-]{subsection.1.2.1}{Tensor dual}{section.1.2}% 7
\BOOKMARK [1][-]{section.1.3}{Fuerzas de marea}{chapter.1}% 8
\BOOKMARK [1][-]{section.1.4}{Expansi\363n multipolar}{chapter.1}% 9
\BOOKMARK [2][-]{subsection.1.4.1}{Dipolo magn\351tico}{section.1.4}% 10
\BOOKMARK [0][-]{chapter.2}{Relatividad General}{}% 11
\BOOKMARK [1][-]{section.2.1}{Gravedad}{chapter.2}% 12
\BOOKMARK [1][-]{section.2.2}{Ecuaciones de campo}{chapter.2}% 13
\BOOKMARK [2][-]{subsection.2.2.1}{Soluci\363n de Kerr}{section.2.2}% 14
\BOOKMARK [1][-]{section.2.3}{Ecuaci\363n de desv\355o geod\351sico}{chapter.2}% 15
\BOOKMARK [1][-]{section.2.4}{Campos gravitacionales d\351biles}{chapter.2}% 16
\BOOKMARK [2][-]{subsection.2.4.1}{Expansi\363n a primer orden}{section.2.4}% 17
\BOOKMARK [1][-]{section.2.5}{Expansi\363n multipolar en GR}{chapter.2}% 18
\BOOKMARK [2][-]{subsection.2.5.1}{Descomposiciones respecto la velocidad}{section.2.5}% 19
\BOOKMARK [2][-]{subsection.2.5.2}{Part\355cula monopolo}{section.2.5}% 20
\BOOKMARK [2][-]{subsection.2.5.3}{Part\355cula monopolo-dipolo}{section.2.5}% 21
\BOOKMARK [2][-]{subsection.2.5.4}{Part\355cula monopolo-dipolo-cuadrupolo}{section.2.5}% 22
\BOOKMARK [0][-]{chapter.3}{Analog\355a entre Relatividad General y la Teor\355a Electrodin\341mica Cl\341sica}{}% 23
\BOOKMARK [1][-]{section.3.1}{\277Porqu\351 es importante el estudio de analog\355as en F\355sica?}{chapter.3}% 24
\BOOKMARK [1][-]{section.3.2}{Tensores de marea}{chapter.3}% 25
\BOOKMARK [1][-]{section.3.3}{Ecuaciones de Maxwell}{chapter.3}% 26
\BOOKMARK [1][-]{section.3.4}{Forma de ``Maxwell" para las ecuaciones de campo gravitacional}{chapter.3}% 27
\BOOKMARK [1][-]{section.3.5}{Primera comparaci\363n}{chapter.3}% 28
\BOOKMARK [1][-]{section.3.6}{Gir\363scopos}{chapter.3}% 29
\BOOKMARK [2][-]{subsection.3.6.1}{Orden dipolar}{section.3.6}% 30
\BOOKMARK [2][-]{subsection.3.6.2}{Orden cuadrupolar}{section.3.6}% 31
\BOOKMARK [1][-]{section.3.7}{\277Cu\341les son las diferencias entre Relatividad General y la teor\355a Electromag\351tica cl\341sica?}{chapter.3}% 32
\BOOKMARK [0][-]{chapter.4}{Soluciones circulares bajo la condici\363n suplementaria de Mathisson-Pirani}{}% 33
\BOOKMARK [1][-]{section.4.1}{Planteamiento y soluci\363n de las ecuaciones de movimiento}{chapter.4}% 34
\BOOKMARK [1][-]{section.4.2}{Propiedades de la soluci\363n}{chapter.4}% 35
\BOOKMARK [1][-]{section.4.3}{Casos particulares}{chapter.4}% 36
\BOOKMARK [0][-]{chapter.5}{Conclusiones y trabajos futuros}{}% 37
\BOOKMARK [0][-]{appendix.Alph1}{Notaci\363n y convenciones}{}% 38
\BOOKMARK [0][-]{appendix.Alph2}{Ecuaciones de movimiento para una part\355cula monopolar}{}% 39
\BOOKMARK [0][-]{appendix.Alph3}{Orden menor en la expansi\363n para una part\355cula monopolo-dipolo}{}% 40
\BOOKMARK [0][-]{appendix.Alph4}{Ecuaciones de movimiento para una part\355cula monopolo-dipolo}{}% 41
\BOOKMARK [0][-]{appendix.Alph5}{Cantidades conservadas y evoluci\363n del esp\355n}{}% 42
\BOOKMARK [0][-]{appendix.Alph6}{Transformaci\363n inversa para los tensores de marea}{}% 43
\BOOKMARK [0][-]{appendix.Alph7}{Evoluci\363n del 4-vector de esp\355n}{}% 44
\BOOKMARK [0][-]{appendix.Alph8}{Tensor de Riemann en t\351rminos de los tensors de marea}{}% 45
\BOOKMARK [0][-]{section*.19}{Bibliography}{}% 46
